c:\users\test.zjy\source\repos\kmdfhelloworld\x64\debug\vc143.pdb
c:\users\test.zjy\source\repos\kmdfhelloworld\x64\debug\driver.obj
c:\users\test.zjy\source\repos\kmdfhelloworld\x64\debug\kmdfhelloworld.sys
c:\users\test.zjy\source\repos\kmdfhelloworld\x64\debug\kmdfhelloworld.pdb
c:\users\test.zjy\source\repos\kmdfhelloworld\x64\debug\kmdfhelloworld\kmdfhelloworld.cat
c:\users\test.zjy\source\repos\kmdfhelloworld\x64\debug\kmdfhelloworld.inf
c:\users\test.zjy\source\repos\kmdfhelloworld\x64\debug\kmdfhelloworld.cer
c:\users\test.zjy\source\repos\kmdfhelloworld\x64\debug\kmdfhelloworld.tlog\cl.command.1.tlog
c:\users\test.zjy\source\repos\kmdfhelloworld\x64\debug\kmdfhelloworld.tlog\cl.read.1.tlog
c:\users\test.zjy\source\repos\kmdfhelloworld\x64\debug\kmdfhelloworld.tlog\cl.write.1.tlog
c:\users\test.zjy\source\repos\kmdfhelloworld\x64\debug\kmdfhelloworld.tlog\inf2cat-expand.10020.read.1.tlog
c:\users\test.zjy\source\repos\kmdfhelloworld\x64\debug\kmdfhelloworld.tlog\inf2cat-expand.10020.write.1.tlog
c:\users\test.zjy\source\repos\kmdfhelloworld\x64\debug\kmdfhelloworld.tlog\inf2cat-expand.10504.read.1.tlog
c:\users\test.zjy\source\repos\kmdfhelloworld\x64\debug\kmdfhelloworld.tlog\inf2cat-expand.10504.write.1.tlog
c:\users\test.zjy\source\repos\kmdfhelloworld\x64\debug\kmdfhelloworld.tlog\inf2cat-expand.10564.read.1.tlog
c:\users\test.zjy\source\repos\kmdfhelloworld\x64\debug\kmdfhelloworld.tlog\inf2cat-expand.10564.write.1.tlog
c:\users\test.zjy\source\repos\kmdfhelloworld\x64\debug\kmdfhelloworld.tlog\inf2cat-expand.11508.read.1.tlog
c:\users\test.zjy\source\repos\kmdfhelloworld\x64\debug\kmdfhelloworld.tlog\inf2cat-expand.11508.write.1.tlog
c:\users\test.zjy\source\repos\kmdfhelloworld\x64\debug\kmdfhelloworld.tlog\inf2cat-expand.12920.read.1.tlog
c:\users\test.zjy\source\repos\kmdfhelloworld\x64\debug\kmdfhelloworld.tlog\inf2cat-expand.12920.write.1.tlog
c:\users\test.zjy\source\repos\kmdfhelloworld\x64\debug\kmdfhelloworld.tlog\inf2cat-expand.13264.read.1.tlog
c:\users\test.zjy\source\repos\kmdfhelloworld\x64\debug\kmdfhelloworld.tlog\inf2cat-expand.13264.write.1.tlog
c:\users\test.zjy\source\repos\kmdfhelloworld\x64\debug\kmdfhelloworld.tlog\inf2cat-expand.16040.read.1.tlog
c:\users\test.zjy\source\repos\kmdfhelloworld\x64\debug\kmdfhelloworld.tlog\inf2cat-expand.16040.write.1.tlog
c:\users\test.zjy\source\repos\kmdfhelloworld\x64\debug\kmdfhelloworld.tlog\inf2cat-expand.16760.read.1.tlog
c:\users\test.zjy\source\repos\kmdfhelloworld\x64\debug\kmdfhelloworld.tlog\inf2cat-expand.16760.write.1.tlog
c:\users\test.zjy\source\repos\kmdfhelloworld\x64\debug\kmdfhelloworld.tlog\inf2cat-expand.16984.read.1.tlog
c:\users\test.zjy\source\repos\kmdfhelloworld\x64\debug\kmdfhelloworld.tlog\inf2cat-expand.16984.write.1.tlog
c:\users\test.zjy\source\repos\kmdfhelloworld\x64\debug\kmdfhelloworld.tlog\inf2cat-expand.17288.read.1.tlog
c:\users\test.zjy\source\repos\kmdfhelloworld\x64\debug\kmdfhelloworld.tlog\inf2cat-expand.17288.write.1.tlog
c:\users\test.zjy\source\repos\kmdfhelloworld\x64\debug\kmdfhelloworld.tlog\inf2cat-expand.17388.read.1.tlog
c:\users\test.zjy\source\repos\kmdfhelloworld\x64\debug\kmdfhelloworld.tlog\inf2cat-expand.17388.write.1.tlog
c:\users\test.zjy\source\repos\kmdfhelloworld\x64\debug\kmdfhelloworld.tlog\inf2cat-expand.18196.read.1.tlog
c:\users\test.zjy\source\repos\kmdfhelloworld\x64\debug\kmdfhelloworld.tlog\inf2cat-expand.18196.write.1.tlog
c:\users\test.zjy\source\repos\kmdfhelloworld\x64\debug\kmdfhelloworld.tlog\inf2cat-expand.2000.read.1.tlog
c:\users\test.zjy\source\repos\kmdfhelloworld\x64\debug\kmdfhelloworld.tlog\inf2cat-expand.2000.write.1.tlog
c:\users\test.zjy\source\repos\kmdfhelloworld\x64\debug\kmdfhelloworld.tlog\inf2cat-expand.4156.read.1.tlog
c:\users\test.zjy\source\repos\kmdfhelloworld\x64\debug\kmdfhelloworld.tlog\inf2cat-expand.4156.write.1.tlog
c:\users\test.zjy\source\repos\kmdfhelloworld\x64\debug\kmdfhelloworld.tlog\inf2cat-expand.4592.read.1.tlog
c:\users\test.zjy\source\repos\kmdfhelloworld\x64\debug\kmdfhelloworld.tlog\inf2cat-expand.4592.write.1.tlog
c:\users\test.zjy\source\repos\kmdfhelloworld\x64\debug\kmdfhelloworld.tlog\inf2cat-expand.4992.read.1.tlog
c:\users\test.zjy\source\repos\kmdfhelloworld\x64\debug\kmdfhelloworld.tlog\inf2cat-expand.4992.write.1.tlog
c:\users\test.zjy\source\repos\kmdfhelloworld\x64\debug\kmdfhelloworld.tlog\inf2cat-expand.5824.read.1.tlog
c:\users\test.zjy\source\repos\kmdfhelloworld\x64\debug\kmdfhelloworld.tlog\inf2cat-expand.5824.write.1.tlog
c:\users\test.zjy\source\repos\kmdfhelloworld\x64\debug\kmdfhelloworld.tlog\inf2cat-expand.6836.read.1.tlog
c:\users\test.zjy\source\repos\kmdfhelloworld\x64\debug\kmdfhelloworld.tlog\inf2cat-expand.6836.write.1.tlog
c:\users\test.zjy\source\repos\kmdfhelloworld\x64\debug\kmdfhelloworld.tlog\inf2cat-expand.7152.read.1.tlog
c:\users\test.zjy\source\repos\kmdfhelloworld\x64\debug\kmdfhelloworld.tlog\inf2cat-expand.7152.write.1.tlog
c:\users\test.zjy\source\repos\kmdfhelloworld\x64\debug\kmdfhelloworld.tlog\inf2cat-expand.7732.read.1.tlog
c:\users\test.zjy\source\repos\kmdfhelloworld\x64\debug\kmdfhelloworld.tlog\inf2cat-expand.7732.write.1.tlog
c:\users\test.zjy\source\repos\kmdfhelloworld\x64\debug\kmdfhelloworld.tlog\inf2cat-expand.8184.read.1.tlog
c:\users\test.zjy\source\repos\kmdfhelloworld\x64\debug\kmdfhelloworld.tlog\inf2cat-expand.8184.write.1.tlog
c:\users\test.zjy\source\repos\kmdfhelloworld\x64\debug\kmdfhelloworld.tlog\inf2cat-expand.8276.read.1.tlog
c:\users\test.zjy\source\repos\kmdfhelloworld\x64\debug\kmdfhelloworld.tlog\inf2cat-expand.8276.write.1.tlog
c:\users\test.zjy\source\repos\kmdfhelloworld\x64\debug\kmdfhelloworld.tlog\inf2cat-expand.9088.read.1.tlog
c:\users\test.zjy\source\repos\kmdfhelloworld\x64\debug\kmdfhelloworld.tlog\inf2cat-expand.9088.write.1.tlog
c:\users\test.zjy\source\repos\kmdfhelloworld\x64\debug\kmdfhelloworld.tlog\inf2cat-expand.9976.read.1.tlog
c:\users\test.zjy\source\repos\kmdfhelloworld\x64\debug\kmdfhelloworld.tlog\inf2cat-expand.9976.write.1.tlog
c:\users\test.zjy\source\repos\kmdfhelloworld\x64\debug\kmdfhelloworld.tlog\inf2cat-expand.read.1.tlog
c:\users\test.zjy\source\repos\kmdfhelloworld\x64\debug\kmdfhelloworld.tlog\inf2cat-expand.write.1.tlog
c:\users\test.zjy\source\repos\kmdfhelloworld\x64\debug\kmdfhelloworld.tlog\inf2cat.command.1.tlog
c:\users\test.zjy\source\repos\kmdfhelloworld\x64\debug\kmdfhelloworld.tlog\inf2cat.read.1.tlog
c:\users\test.zjy\source\repos\kmdfhelloworld\x64\debug\kmdfhelloworld.tlog\inf2cat.read.8.tlog
c:\users\test.zjy\source\repos\kmdfhelloworld\x64\debug\kmdfhelloworld.tlog\inf2cat.write.1.tlog
c:\users\test.zjy\source\repos\kmdfhelloworld\x64\debug\kmdfhelloworld.tlog\inf2cat.write.8.tlog
c:\users\test.zjy\source\repos\kmdfhelloworld\x64\debug\kmdfhelloworld.tlog\link.command.1.tlog
c:\users\test.zjy\source\repos\kmdfhelloworld\x64\debug\kmdfhelloworld.tlog\link.read.1.tlog
c:\users\test.zjy\source\repos\kmdfhelloworld\x64\debug\kmdfhelloworld.tlog\link.write.1.tlog
c:\users\test.zjy\source\repos\kmdfhelloworld\x64\debug\kmdfhelloworld.tlog\signtool.command.1.tlog
c:\users\test.zjy\source\repos\kmdfhelloworld\x64\debug\kmdfhelloworld.tlog\signtool.read.1.tlog
c:\users\test.zjy\source\repos\kmdfhelloworld\x64\debug\kmdfhelloworld.tlog\signtool.timestamp.1.tlog
c:\users\test.zjy\source\repos\kmdfhelloworld\x64\debug\kmdfhelloworld.tlog\signtool.write.1.tlog
c:\users\test.zjy\source\repos\kmdfhelloworld\x64\debug\kmdfhelloworld.tlog\stampinf.command.1.tlog
c:\users\test.zjy\source\repos\kmdfhelloworld\x64\debug\kmdfhelloworld.tlog\stampinf.read.1.tlog
c:\users\test.zjy\source\repos\kmdfhelloworld\x64\debug\kmdfhelloworld.tlog\stampinf.write.1.tlog
